#
# An unexpected error has been detected by HotSpot Virtual Machine:
#
#  EXCEPTION_ACCESS_VIOLATION (0xc0000005) at pc=0x0000034c, pid=5456, tid=5988
#
# Java VM: Java HotSpot(TM) Client VM (1.4.2_13-b06 mixed mode)
# Problematic frame:
# C  0x0000034c
#

---------------  T H R E A D  ---------------

Current thread (0x00890110):  JavaThread "Thread-3" [_thread_in_native, id=5988]

siginfo: ExceptionCode=0xc0000005, reading address 0x0000034c

Registers:
EAX=0x0400f238, EBX=0x14765c48, ECX=0x04020170, EDX=0x0400f280
ESP=0x0415fc34, EBP=0x0415fc78, ESI=0x14765c90, EDI=0x00890110
EIP=0x0000034c, EFLAGS=0x00010202

Top of Stack: (sp=0x0415fc34)
0x0415fc34:   03f61136 0400f238 00000001 00b4884a
0x0415fc44:   008901ac 0415fc90 04020170 00000000
0x0415fc54:   00000001 105d2678 0415fc54 00000000
0x0415fc64:   0415fc90 14773540 00000000 14765c48
0x0415fc74:   0415fc88 0415fcb0 00b42cb3 00000000
0x0415fc84:   00b464a9 04020170 00000000 105d2678
0x0415fc94:   0415fc94 14765a0d 0415fcb8 14773540
0x0415fca4:   00000000 147659c0 0415fcb8 0415fce0 

Instructions: (pc=0x0000034c)
0x0000033c:   
[error occurred during error reporting, step 100, id 0xc0000005]

Stack: [0x04120000,0x04160000),  sp=0x0415fc34,  free space=255k
Native frames: (J=compiled Java code, j=interpreted, Vv=VM code, C=native code)
C  0x0000034c
j  com.sun.media.protocol.dsound.DSound.start()V+5
j  com.sun.media.protocol.dsound.DSoundST.run()V+113
j  java.lang.Thread.run()V+11
v  ~StubRoutines::call_stub
V  [jvm.dll+0x74806]
V  [jvm.dll+0xaeb36]
V  [jvm.dll+0x74713]
V  [jvm.dll+0x7440f]
V  [jvm.dll+0x74448]
V  [jvm.dll+0x8c360]
V  [jvm.dll+0xd2d7c]
V  [jvm.dll+0xd2d4a]
C  [MSVCRT.dll+0x2a3b0]
C  [kernel32.dll+0xb683]

Java frames: (J=compiled Java code, j=interpreted, Vv=VM code)
j  com.sun.media.protocol.dsound.DSound.nStart(J)V+0
j  com.sun.media.protocol.dsound.DSound.start()V+5
j  com.sun.media.protocol.dsound.DSoundST.run()V+113
j  java.lang.Thread.run()V+11
v  ~StubRoutines::call_stub

---------------  P R O C E S S  ---------------

Java Threads: ( => current thread )
  0x0464ee90 JavaThread "Loop thread: com.sun.media.parser.RawBufferParser$FrameTrack@d67067" [_thread_blocked, id=3776]
  0x04647040 JavaThread "JMF thread: TimedStartThread ( startThread: com.sun.media.ProcessEngine@19f03d7 )" [_thread_blocked, id=4548]
  0x046411d0 JavaThread "Loop thread" [_thread_blocked, id=4852]
  0x04641820 JavaThread "RawBufferStream Thread" [_thread_blocked, id=5932]
  0x04636b60 JavaThread "RTCP Reporter" daemon [_thread_blocked, id=4728]
  0x04633040 JavaThread "SSRC Cache Cleaner" daemon [_thread_blocked, id=1356]
  0x04635b70 JavaThread "RTP Forwarder for address 147.102.25.53 port 22222" daemon [_thread_in_native, id=5784]
  0x04632970 JavaThread "RTCP Forwarder for address147.102.25.53 port 22223" daemon [_thread_in_native, id=5644]
  0x04632550 JavaThread "RTPEventHandler" daemon [_thread_blocked, id=3328]
  0x0464f040 JavaThread "Java Sound event dispatcher" [_thread_blocked, id=3260]
  0x008b1e90 JavaThread "DestroyJavaVM" [_thread_blocked, id=5504]
  0x008a4e90 JavaThread "Thread-7" [_thread_in_native, id=4152]
  0x008a2580 JavaThread "EventScannerThread" [_thread_blocked, id=2848]
  0x008a26f0 JavaThread "ResponseScanner" [_thread_blocked, id=4540]
  0x008a2e10 JavaThread "Thread-4" [_thread_blocked, id=5584]
  0x0089a9f0 JavaThread "DirectSound PushThread" [_thread_blocked, id=4976]
  0x00896550 JavaThread "JMF thread: SendEventQueue: com.sun.media.ProcessEngine" [_thread_blocked, id=5616]
  0x00893230 JavaThread "JMF thread: SendEventQueue: com.sun.media.processor.unknown.Handler" [_thread_blocked, id=5372]
=>0x00890110 JavaThread "Thread-3" [_thread_in_native, id=5988]
  0x00886d50 JavaThread "TimerQueue" daemon [_thread_blocked, id=6120]
  0x00881470 JavaThread "Thread-1" [_thread_blocked, id=1528]
  0x0085c1e0 JavaThread "Java2D Disposer" daemon [_thread_blocked, id=4456]
  0x00859d40 JavaThread "AWT-EventQueue-0" [_thread_blocked, id=844]
  0x008521b0 JavaThread "AWT-Windows" daemon [_thread_in_native, id=4480]
  0x008524a0 JavaThread "AWT-Shutdown" [_thread_blocked, id=3108]
  0x0082f5a0 JavaThread "CompilerThread0" daemon [_thread_blocked, id=880]
  0x0082e2d0 JavaThread "Signal Dispatcher" daemon [_thread_blocked, id=4724]
  0x0082b190 JavaThread "Finalizer" daemon [_thread_blocked, id=1952]
  0x0082bdb0 JavaThread "Reference Handler" daemon [_thread_blocked, id=5440]

Other Threads:
  0x00829060 VMThread [id=5840]
  0x00831830 WatcherThread [id=528]

VM state:not at safepoint (normal execution)

VM Mutex/Monitor currently owned by a thread: None

Heap
 def new generation   total 576K, used 62K [0x10010000, 0x100b0000, 0x104f0000)
  eden space 512K,   4% used [0x10010000, 0x10015788, 0x10090000)
  from space 64K,  64% used [0x100a0000, 0x100aa3d8, 0x100b0000)
  to   space 64K,   0% used [0x10090000, 0x10090000, 0x100a0000)
 tenured generation   total 2692K, used 2413K [0x104f0000, 0x10791000, 0x14010000)
   the space 2692K,  89% used [0x104f0000, 0x1074b750, 0x1074b800, 0x10791000)
 compacting perm gen  total 11264K, used 11042K [0x14010000, 0x14b10000, 0x18010000)
   the space 11264K,  98% used [0x14010000, 0x14ad88e8, 0x14ad8a00, 0x14b10000)

Dynamic libraries:
0x00400000 - 0x0040b000 	C:\Program Files\Java\j2re1.4.2_13\bin\javaw.exe
0x7c900000 - 0x7c9b0000 	C:\WINDOWS\system32\ntdll.dll
0x7c800000 - 0x7c8f4000 	C:\WINDOWS\system32\kernel32.dll
0x77dd0000 - 0x77e6b000 	C:\WINDOWS\system32\ADVAPI32.dll
0x77e70000 - 0x77f01000 	C:\WINDOWS\system32\RPCRT4.dll
0x77d40000 - 0x77dd0000 	C:\WINDOWS\system32\USER32.dll
0x77f10000 - 0x77f57000 	C:\WINDOWS\system32\GDI32.dll
0x77c10000 - 0x77c68000 	C:\WINDOWS\system32\MSVCRT.dll
0x08000000 - 0x08142000 	C:\Program Files\Java\j2re1.4.2_13\bin\client\jvm.dll
0x76b40000 - 0x76b6d000 	C:\WINDOWS\system32\WINMM.dll
0x10000000 - 0x10007000 	C:\Program Files\Java\j2re1.4.2_13\bin\hpi.dll
0x76bf0000 - 0x76bfb000 	C:\WINDOWS\system32\PSAPI.DLL
0x00930000 - 0x0093e000 	C:\Program Files\Java\j2re1.4.2_13\bin\verify.dll
0x00940000 - 0x00959000 	C:\Program Files\Java\j2re1.4.2_13\bin\java.dll
0x00960000 - 0x0096e000 	C:\Program Files\Java\j2re1.4.2_13\bin\zip.dll
0x02f50000 - 0x03064000 	C:\Program Files\Java\j2re1.4.2_13\bin\awt.dll
0x73000000 - 0x73026000 	C:\WINDOWS\system32\WINSPOOL.DRV
0x76390000 - 0x763ad000 	C:\WINDOWS\system32\IMM32.dll
0x774e0000 - 0x7761d000 	C:\WINDOWS\system32\ole32.dll
0x5ad70000 - 0x5ada8000 	C:\WINDOWS\system32\uxtheme.dll
0x030d0000 - 0x03121000 	C:\Program Files\Java\j2re1.4.2_13\bin\fontmanager.dll
0x73760000 - 0x737a9000 	C:\WINDOWS\system32\ddraw.dll
0x73bc0000 - 0x73bc6000 	C:\WINDOWS\system32\DCIMAN32.dll
0x73940000 - 0x73a10000 	C:\WINDOWS\system32\D3DIM700.DLL
0x74720000 - 0x7476b000 	C:\WINDOWS\system32\MSCTF.dll
0x63000000 - 0x63014000 	C:\WINDOWS\system32\SynTPFcs.dll
0x77c00000 - 0x77c08000 	C:\WINDOWS\system32\VERSION.dll
0x03c00000 - 0x03c23000 	C:\WINDOWS\system32\PROCHLP.DLL
0x03d00000 - 0x03d1e000 	C:\Program Files\Java\j2re1.4.2_13\bin\jpeg.dll
0x03df0000 - 0x03e05000 	C:\courses\Soft-Eng\Soft-Eng-Course-Code\SourceCode\SipCommunicator\lib\jmutil.dll
0x605d0000 - 0x605d9000 	C:\WINDOWS\system32\mslbui.dll
0x77120000 - 0x771ac000 	C:\WINDOWS\system32\OLEAUT32.DLL
0x03f60000 - 0x03f67000 	C:\courses\Soft-Eng\Soft-Eng-Course-Code\SourceCode\SipCommunicator\lib\jmdaudc.dll
0x73f10000 - 0x73f6c000 	C:\WINDOWS\system32\DSOUND.dll
0x76c30000 - 0x76c5e000 	C:\WINDOWS\system32\WINTRUST.dll
0x77a80000 - 0x77b14000 	C:\WINDOWS\system32\CRYPT32.dll
0x77b20000 - 0x77b32000 	C:\WINDOWS\system32\MSASN1.dll
0x76c90000 - 0x76cb8000 	C:\WINDOWS\system32\IMAGEHLP.dll
0x72d20000 - 0x72d29000 	C:\WINDOWS\system32\wdmaud.drv
0x72d10000 - 0x72d18000 	C:\WINDOWS\system32\msacm32.drv
0x77be0000 - 0x77bf5000 	C:\WINDOWS\system32\MSACM32.dll
0x77bd0000 - 0x77bd7000 	C:\WINDOWS\system32\midimap.dll
0x73ee0000 - 0x73ee4000 	C:\WINDOWS\system32\KsUser.dll
0x043f0000 - 0x043ff000 	C:\Program Files\Java\j2re1.4.2_13\bin\net.dll
0x71ab0000 - 0x71ac7000 	C:\WINDOWS\system32\WS2_32.dll
0x71aa0000 - 0x71aa8000 	C:\WINDOWS\system32\WS2HELP.dll
0x76d60000 - 0x76d79000 	C:\WINDOWS\system32\iphlpapi.dll
0x76d40000 - 0x76d58000 	C:\WINDOWS\system32\MPRAPI.dll
0x77cc0000 - 0x77cf2000 	C:\WINDOWS\system32\ACTIVEDS.dll
0x76e10000 - 0x76e35000 	C:\WINDOWS\system32\adsldpc.dll
0x5b860000 - 0x5b8b4000 	C:\WINDOWS\system32\NETAPI32.dll
0x76f60000 - 0x76f8c000 	C:\WINDOWS\system32\WLDAP32.dll
0x76b20000 - 0x76b31000 	C:\WINDOWS\system32\ATL.DLL
0x76e80000 - 0x76e8e000 	C:\WINDOWS\system32\rtutils.dll
0x71bf0000 - 0x71c03000 	C:\WINDOWS\system32\SAMLIB.dll
0x77920000 - 0x77a13000 	C:\WINDOWS\system32\SETUPAPI.dll
0x71a50000 - 0x71a8f000 	C:\WINDOWS\system32\mswsock.dll
0x662b0000 - 0x66308000 	C:\WINDOWS\system32\hnetcfg.dll
0x71a90000 - 0x71a98000 	C:\WINDOWS\System32\wshtcpip.dll
0x03cd0000 - 0x03ce3000 	C:\Program Files\IBM ThinkVantage\Client Security Solution\PWMgrHook.dll
0x74e30000 - 0x74e9c000 	C:\WINDOWS\system32\RICHED20.DLL
0x042f0000 - 0x04314000 	C:\Program Files\Java\j2re1.4.2_13\bin\jsound.dll
0x04320000 - 0x0432d000 	C:\courses\Soft-Eng\Soft-Eng-Course-Code\SourceCode\SipCommunicator\lib\jmvfw.dll
0x73b80000 - 0x73b92000 	C:\WINDOWS\system32\AVICAP32.dll
0x75a70000 - 0x75a91000 	C:\WINDOWS\system32\MSVFW32.dll
0x7c9c0000 - 0x7d1d5000 	C:\WINDOWS\system32\SHELL32.dll
0x77f60000 - 0x77fd6000 	C:\WINDOWS\system32\SHLWAPI.dll
0x5d090000 - 0x5d127000 	C:\WINDOWS\system32\COMCTL32.dll
0x773d0000 - 0x774d3000 	C:\WINDOWS\WinSxS\x86_Microsoft.Windows.Common-Controls_6595b64144ccf1df_6.0.2600.2982_x-ww_ac3f9c03\comctl32.dll
0x76f20000 - 0x76f47000 	C:\WINDOWS\system32\DNSAPI.dll
0x76fb0000 - 0x76fb8000 	C:\WINDOWS\System32\winrnr.dll
0x76fc0000 - 0x76fc6000 	C:\WINDOWS\system32\rasadhlp.dll
0x03db0000 - 0x03dbd000 	C:\courses\Soft-Eng\Soft-Eng-Course-Code\SourceCode\SipCommunicator\lib\jmacm.dll
0x58420000 - 0x58427000 	C:\WINDOWS\system32\imaadp32.acm
0x72cf0000 - 0x72cf7000 	C:\WINDOWS\system32\msadp32.acm
0x58330000 - 0x58335000 	C:\WINDOWS\system32\msg711.acm
0x58300000 - 0x58308000 	C:\WINDOWS\system32\msgsm32.acm
0x582d0000 - 0x582d4000 	C:\WINDOWS\system32\tssoft32.acm
0x73b70000 - 0x73b77000 	C:\WINDOWS\system32\tsd32.dll
0x58310000 - 0x5832d000 	C:\WINDOWS\system32\msg723.acm
0x58340000 - 0x5838d000 	C:\WINDOWS\system32\msaud32.acm
0x582e0000 - 0x582fe000 	C:\WINDOWS\system32\sl_anet.acm
0x581a0000 - 0x581d9000 	C:\WINDOWS\system32\iac25_32.ax
0x58390000 - 0x5841a000 	C:\WINDOWS\system32\l3codeca.acm

VM Arguments:
jvm_args: -Djava.library.path=./lib
java_command: net.java.sip.communicator.SipCommunicator
Launcher Type: SUN_STANDARD

Environment Variables:
CLASSPATH=.;.;C:\PROGRA~1\JMF21~1.1E\lib\sound.jar;C:\PROGRA~1\JMF21~1.1E\lib\jmf.jar;C:\PROGRA~1\JMF21~1.1E\lib;
PATH=C:\Program Files\MiKTeX 2.5\miktex\bin;c:\program files\thinkpad\utilities;C:\WINDOWS\system32;C:\WINDOWS;C:\WINDOWS\system32\wbem;c:\program files\intel\wireless\bin\;c:\program files\ati technologies\ati.ace\;c:\program files\ibm thinkvantage\client security solution;c:\program files\diskeeper corporation\diskeeper\;c:\program files\thinkpad\connectutilities;c:\program files\microsoft sql server\90\tools\binn\;C:\Program Files\MATLAB71\bin\win32;C:\emacs-21.3\bin;C:\j2sdk1.4.2_13\bin;C:\j2sdk1.4.2_13\jre
USERNAME=kostas
OS=Windows_NT
PROCESSOR_IDENTIFIER=x86 Family 6 Model 14 Stepping 8, GenuineIntel


---------------  S Y S T E M  ---------------

OS: Windows XP Build 2600 Service Pack 2

CPU:total 2 family 6, cmov, cx8, fxsr, mmx, sse, sse2

Memory: 4k page, physical 2095468k(1085984k free), swap 4032688k(3121272k free)

vm_info: Java HotSpot(TM) Client VM (1.4.2_13-b06) for windows-x86, built on Oct 18 2006 10:10:57 by "java_re" with MS VC++ 6.0

